2026-02-04 22:02:37,247 - DataSync - INFO - ============================================================
2026-02-04 22:02:37,247 - DataSync - INFO - Asset Shield Data Sync Starting
2026-02-04 22:02:37,248 - DataSync - INFO - ============================================================
2026-02-04 22:02:37,251 - DataSync - INFO - Found 0 missing dates
2026-02-04 22:02:37,251 - DataSync - INFO - Next trading day: 2026-02-05
2026-02-04 22:02:37,251 - DataSync - INFO - Sync completed: {
  "status": "success",
  "start_time": "2026-02-04T22:02:37.248933",
  "records_synced": 0,
  "dates_processed": [],
  "errors": [],
  "end_time": "2026-02-04T22:02:37.251843"
}
2026-02-04 22:02:37,251 - DataSync - INFO - Notification: Data Sync SUCCESS
Records: 0
Dates: 0

2026-02-04 22:15:44,005 - DataSync - INFO - ============================================================
2026-02-04 22:15:44,005 - DataSync - INFO - Asset Shield Data Sync Starting
2026-02-04 22:15:44,005 - DataSync - INFO - ============================================================
2026-02-04 22:15:44,008 - DataSync - INFO - Found 0 missing dates
2026-02-04 22:15:44,008 - DataSync - INFO - Next trading day: 2026-02-05
2026-02-04 22:15:44,008 - DataSync - INFO - Sync completed: {
  "status": "success",
  "start_time": "2026-02-04T22:15:44.006204",
  "records_synced": 0,
  "dates_processed": [],
  "errors": [],
  "end_time": "2026-02-04T22:15:44.008570"
}
2026-02-04 22:15:44,008 - DataSync - INFO - Notification: Data Sync SUCCESS
Records: 0
Dates: 0

2026-02-04 23:17:15,981 - DataSync - INFO - ============================================================
2026-02-04 23:17:15,981 - DataSync - INFO - Asset Shield Data Sync Starting
2026-02-04 23:17:15,981 - DataSync - INFO - ============================================================
2026-02-04 23:17:15,983 - DataSync - INFO - Found 0 missing dates
2026-02-04 23:17:15,984 - DataSync - INFO - Next trading day: 2026-02-05
2026-02-04 23:17:15,984 - DataSync - INFO - Sync completed: {
  "status": "success",
  "start_time": "2026-02-04T23:17:15.982555",
  "records_synced": 0,
  "dates_processed": [],
  "errors": [],
  "end_time": "2026-02-04T23:17:15.984394"
}
2026-02-04 23:17:15,984 - DataSync - INFO - Notification: Data Sync SUCCESS
Records: 0
Dates: 0

