2026-02-03 21:36:17,197 - INFO - ======================================================================
2026-02-03 21:36:17,197 - INFO - 【Asset Shield】無人行軍モード起動
2026-02-03 21:36:17,197 - INFO - 開始時刻: 2026-02-03T21:36:17.197619
2026-02-03 21:36:17,197 - INFO - ======================================================================
2026-02-03 21:36:17,197 - INFO - ======================================================================
2026-02-03 21:36:17,197 - INFO - 【無人行軍モード】データ復旧監視開始
2026-02-03 21:36:17,197 - INFO - ======================================================================
2026-02-03 21:36:19,639 - INFO - [監視] 進捗: 13.1% | 2021カバレッジ: 1415/4020 | プロセス: 稼働中
2026-02-03 21:37:21,953 - INFO - [監視] 進捗: 13.4% | 2021カバレッジ: 1425/4020 | プロセス: 稼働中
2026-02-03 21:38:24,167 - INFO - [監視] 進捗: 13.7% | 2021カバレッジ: 1434/4020 | プロセス: 稼働中
2026-02-03 21:39:26,384 - INFO - [監視] 進捗: 14.0% | 2021カバレッジ: 1444/4020 | プロセス: 稼働中
2026-02-03 21:40:28,649 - INFO - [監視] 進捗: 14.3% | 2021カバレッジ: 1453/4020 | プロセス: 稼働中
2026-02-03 21:41:30,882 - INFO - [監視] 進捗: 14.6% | 2021カバレッジ: 1463/4020 | プロセス: 稼働中
2026-02-03 21:42:33,116 - INFO - [監視] 進捗: 15.0% | 2021カバレッジ: 1473/4020 | プロセス: 稼働中
2026-02-03 21:43:35,521 - INFO - [監視] 進捗: 15.3% | 2021カバレッジ: 1482/4020 | プロセス: 稼働中
2026-02-03 21:44:37,795 - INFO - [監視] 進捗: 15.6% | 2021カバレッジ: 1492/4020 | プロセス: 稼働中
2026-02-03 21:45:40,134 - INFO - [監視] 進捗: 15.9% | 2021カバレッジ: 1502/4020 | プロセス: 稼働中
2026-02-03 21:46:42,417 - INFO - [監視] 進捗: 16.2% | 2021カバレッジ: 1511/4020 | プロセス: 稼働中
2026-02-03 21:47:44,704 - INFO - [監視] 進捗: 16.5% | 2021カバレッジ: 1521/4020 | プロセス: 稼働中
2026-02-03 21:48:46,947 - INFO - [監視] 進捗: 16.8% | 2021カバレッジ: 1530/4020 | プロセス: 稼働中
2026-02-03 21:49:49,226 - INFO - [監視] 進捗: 17.1% | 2021カバレッジ: 1540/4020 | プロセス: 稼働中
2026-02-03 21:50:51,528 - INFO - [監視] 進捗: 17.5% | 2021カバレッジ: 1550/4020 | プロセス: 稼働中
2026-02-03 21:51:53,844 - INFO - [監視] 進捗: 17.8% | 2021カバレッジ: 1560/4020 | プロセス: 稼働中
2026-02-03 21:52:56,136 - INFO - [監視] 進捗: 18.1% | 2021カバレッジ: 1570/4020 | プロセス: 稼働中
2026-02-03 21:53:58,435 - INFO - [監視] 進捗: 18.4% | 2021カバレッジ: 1580/4020 | プロセス: 稼働中
2026-02-03 21:55:00,751 - INFO - [監視] 進捗: 18.8% | 2021カバレッジ: 1590/4020 | プロセス: 稼働中
2026-02-03 21:56:03,139 - INFO - [監視] 進捗: 19.1% | 2021カバレッジ: 1600/4020 | プロセス: 稼働中
2026-02-03 21:57:05,504 - INFO - [監視] 進捗: 19.5% | 2021カバレッジ: 1612/4020 | プロセス: 稼働中
2026-02-03 21:58:07,887 - INFO - [監視] 進捗: 19.8% | 2021カバレッジ: 1623/4020 | プロセス: 稼働中
2026-02-03 21:59:10,373 - INFO - [監視] 進捗: 20.1% | 2021カバレッジ: 1633/4020 | プロセス: 稼働中
2026-02-03 22:00:12,777 - INFO - [監視] 進捗: 20.5% | 2021カバレッジ: 1644/4020 | プロセス: 稼働中
2026-02-03 22:01:15,177 - INFO - [監視] 進捗: 20.9% | 2021カバレッジ: 1656/4020 | プロセス: 稼働中
2026-02-03 22:02:17,576 - INFO - [監視] 進捗: 21.3% | 2021カバレッジ: 1667/4020 | プロセス: 稼働中
2026-02-03 22:03:19,953 - INFO - [監視] 進捗: 21.6% | 2021カバレッジ: 1678/4020 | プロセス: 稼働中
2026-02-03 22:04:22,348 - INFO - [監視] 進捗: 21.9% | 2021カバレッジ: 1687/4020 | プロセス: 稼働中
2026-02-03 22:05:24,748 - INFO - [監視] 進捗: 22.2% | 2021カバレッジ: 1697/4020 | プロセス: 稼働中
2026-02-03 22:06:27,137 - INFO - [監視] 進捗: 22.6% | 2021カバレッジ: 1707/4020 | プロセス: 稼働中
2026-02-03 22:07:29,563 - INFO - [監視] 進捗: 22.9% | 2021カバレッジ: 1717/4020 | プロセス: 稼働中
2026-02-03 22:08:31,973 - INFO - [監視] 進捗: 23.2% | 2021カバレッジ: 1727/4020 | プロセス: 稼働中
2026-02-03 22:09:34,425 - INFO - [監視] 進捗: 23.5% | 2021カバレッジ: 1737/4020 | プロセス: 稼働中
2026-02-03 22:10:36,854 - INFO - [監視] 進捗: 23.9% | 2021カバレッジ: 1747/4020 | プロセス: 稼働中
2026-02-03 22:11:39,300 - INFO - [監視] 進捗: 24.2% | 2021カバレッジ: 1757/4020 | プロセス: 稼働中
2026-02-03 22:12:41,744 - INFO - [監視] 進捗: 24.5% | 2021カバレッジ: 1767/4020 | プロセス: 稼働中
2026-02-03 22:13:44,201 - INFO - [監視] 進捗: 24.8% | 2021カバレッジ: 1777/4020 | プロセス: 稼働中
2026-02-03 22:14:46,645 - INFO - [監視] 進捗: 25.2% | 2021カバレッジ: 1787/4020 | プロセス: 稼働中
2026-02-03 22:15:49,099 - INFO - [監視] 進捗: 25.4% | 2021カバレッジ: 1796/4020 | プロセス: 稼働中
2026-02-03 22:16:51,566 - INFO - [監視] 進捗: 25.8% | 2021カバレッジ: 1806/4020 | プロセス: 稼働中
2026-02-03 22:17:54,043 - INFO - [監視] 進捗: 26.1% | 2021カバレッジ: 1816/4020 | プロセス: 稼働中
2026-02-03 22:18:56,512 - INFO - [監視] 進捗: 26.4% | 2021カバレッジ: 1826/4020 | プロセス: 稼働中
2026-02-03 22:19:59,014 - INFO - [監視] 進捗: 26.7% | 2021カバレッジ: 1836/4020 | プロセス: 稼働中
2026-02-03 22:21:01,505 - INFO - [監視] 進捗: 27.0% | 2021カバレッジ: 1845/4020 | プロセス: 稼働中
2026-02-03 22:22:04,055 - INFO - [監視] 進捗: 27.4% | 2021カバレッジ: 1855/4020 | プロセス: 稼働中
2026-02-03 22:23:06,614 - INFO - [監視] 進捗: 27.7% | 2021カバレッジ: 1865/4020 | プロセス: 稼働中
2026-02-03 22:24:09,172 - INFO - [監視] 進捗: 28.1% | 2021カバレッジ: 1877/4020 | プロセス: 稼働中
2026-02-03 22:25:11,743 - INFO - [監視] 進捗: 28.4% | 2021カバレッジ: 1888/4020 | プロセス: 稼働中
2026-02-03 22:26:14,353 - INFO - [監視] 進捗: 28.8% | 2021カバレッジ: 1900/4020 | プロセス: 稼働中
2026-02-03 22:27:17,027 - INFO - [監視] 進捗: 29.2% | 2021カバレッジ: 1912/4020 | プロセス: 稼働中
2026-02-03 22:28:19,818 - INFO - [監視] 進捗: 29.6% | 2021カバレッジ: 1924/4020 | プロセス: 稼働中
2026-02-03 22:29:22,613 - INFO - [監視] 進捗: 30.0% | 2021カバレッジ: 1935/4020 | プロセス: 稼働中
2026-02-03 22:30:25,555 - INFO - [監視] 進捗: 30.3% | 2021カバレッジ: 1945/4020 | プロセス: 稼働中
2026-02-03 22:31:28,668 - INFO - [監視] 進捗: 30.6% | 2021カバレッジ: 1955/4020 | プロセス: 稼働中
2026-02-03 22:32:31,569 - INFO - [監視] 進捗: 30.9% | 2021カバレッジ: 1965/4020 | プロセス: 稼働中
2026-02-03 22:33:34,495 - INFO - [監視] 進捗: 31.3% | 2021カバレッジ: 1975/4020 | プロセス: 稼働中
2026-02-03 22:34:37,429 - INFO - [監視] 進捗: 31.6% | 2021カバレッジ: 1985/4020 | プロセス: 稼働中
2026-02-03 22:35:40,359 - INFO - [監視] 進捗: 31.9% | 2021カバレッジ: 1994/4020 | プロセス: 稼働中
2026-02-03 22:36:43,307 - INFO - [監視] 進捗: 32.2% | 2021カバレッジ: 2004/4020 | プロセス: 稼働中
2026-02-03 22:37:46,289 - INFO - [監視] 進捗: 32.5% | 2021カバレッジ: 2014/4020 | プロセス: 稼働中
2026-02-03 22:38:49,281 - INFO - [監視] 進捗: 32.8% | 2021カバレッジ: 2023/4020 | プロセス: 稼働中
2026-02-03 22:39:52,514 - INFO - [監視] 進捗: 33.1% | 2021カバレッジ: 2032/4020 | プロセス: 稼働中
2026-02-03 22:40:56,007 - INFO - [監視] 進捗: 33.4% | 2021カバレッジ: 2042/4020 | プロセス: 稼働中
2026-02-03 22:41:59,836 - INFO - [監視] 進捗: 33.8% | 2021カバレッジ: 2052/4020 | プロセス: 稼働中
2026-02-03 22:43:03,689 - INFO - [監視] 進捗: 34.0% | 2021カバレッジ: 2061/4020 | プロセス: 稼働中
2026-02-03 22:44:07,621 - INFO - [監視] 進捗: 34.3% | 2021カバレッジ: 2070/4020 | プロセス: 稼働中
2026-02-03 22:45:11,546 - INFO - [監視] 進捗: 34.7% | 2021カバレッジ: 2081/4020 | プロセス: 稼働中
2026-02-03 22:46:15,510 - INFO - [監視] 進捗: 35.1% | 2021カバレッジ: 2093/4020 | プロセス: 稼働中
2026-02-03 22:47:19,555 - INFO - [監視] 進捗: 35.5% | 2021カバレッジ: 2106/4020 | プロセス: 稼働中
2026-02-03 22:48:23,534 - INFO - [監視] 進捗: 35.9% | 2021カバレッジ: 2119/4020 | プロセス: 稼働中
2026-02-03 22:49:27,506 - INFO - [監視] 進捗: 36.3% | 2021カバレッジ: 2130/4020 | プロセス: 稼働中
2026-02-03 22:50:31,503 - INFO - [監視] 進捗: 36.5% | 2021カバレッジ: 2138/4020 | プロセス: 稼働中
2026-02-03 22:51:35,513 - INFO - [監視] 進捗: 36.9% | 2021カバレッジ: 2148/4020 | プロセス: 稼働中
2026-02-03 22:52:39,517 - INFO - [監視] 進捗: 37.2% | 2021カバレッジ: 2158/4020 | プロセス: 稼働中
2026-02-03 22:53:43,523 - INFO - [監視] 進捗: 37.5% | 2021カバレッジ: 2168/4020 | プロセス: 稼働中
2026-02-03 22:54:47,563 - INFO - [監視] 進捗: 37.8% | 2021カバレッジ: 2178/4020 | プロセス: 稼働中
2026-02-03 22:55:51,741 - INFO - [監視] 進捗: 38.1% | 2021カバレッジ: 2187/4020 | プロセス: 稼働中
2026-02-03 22:56:55,829 - INFO - [監視] 進捗: 38.4% | 2021カバレッジ: 2196/4020 | プロセス: 稼働中
2026-02-03 22:57:59,898 - INFO - [監視] 進捗: 38.8% | 2021カバレッジ: 2206/4020 | プロセス: 稼働中
2026-02-03 22:59:03,966 - INFO - [監視] 進捗: 39.1% | 2021カバレッジ: 2216/4020 | プロセス: 稼働中
2026-02-03 23:00:08,063 - INFO - [監視] 進捗: 39.4% | 2021カバレッジ: 2226/4020 | プロセス: 稼働中
2026-02-03 23:01:12,218 - INFO - [監視] 進捗: 39.7% | 2021カバレッジ: 2236/4020 | プロセス: 稼働中
2026-02-03 23:02:16,507 - INFO - [監視] 進捗: 40.1% | 2021カバレッジ: 2249/4020 | プロセス: 稼働中
2026-02-03 23:03:20,818 - INFO - [監視] 進捗: 40.5% | 2021カバレッジ: 2261/4020 | プロセス: 稼働中
2026-02-03 23:04:25,277 - INFO - [監視] 進捗: 41.0% | 2021カバレッジ: 2274/4020 | プロセス: 稼働中
2026-02-03 23:05:29,597 - INFO - [監視] 進捗: 41.4% | 2021カバレッジ: 2286/4020 | プロセス: 稼働中
2026-02-03 23:06:33,978 - INFO - [監視] 進捗: 41.7% | 2021カバレッジ: 2296/4020 | プロセス: 稼働中
2026-02-03 23:07:38,327 - INFO - [監視] 進捗: 42.0% | 2021カバレッジ: 2306/4020 | プロセス: 稼働中
2026-02-03 23:08:42,701 - INFO - [監視] 進捗: 42.3% | 2021カバレッジ: 2315/4020 | プロセス: 稼働中
2026-02-03 23:09:47,070 - INFO - [監視] 進捗: 42.6% | 2021カバレッジ: 2325/4020 | プロセス: 稼働中
2026-02-03 23:10:51,477 - INFO - [監視] 進捗: 42.9% | 2021カバレッジ: 2335/4020 | プロセス: 稼働中
2026-02-03 23:11:55,886 - INFO - [監視] 進捗: 43.3% | 2021カバレッジ: 2345/4020 | プロセス: 稼働中
2026-02-03 23:13:00,442 - INFO - [監視] 進捗: 43.6% | 2021カバレッジ: 2355/4020 | プロセス: 稼働中
2026-02-03 23:14:04,929 - INFO - [監視] 進捗: 43.9% | 2021カバレッジ: 2365/4020 | プロセス: 稼働中
2026-02-03 23:15:09,385 - INFO - [監視] 進捗: 44.2% | 2021カバレッジ: 2375/4020 | プロセス: 稼働中
2026-02-03 23:16:13,881 - INFO - [監視] 進捗: 44.6% | 2021カバレッジ: 2385/4020 | プロセス: 稼働中
2026-02-03 23:17:18,415 - INFO - [監視] 進捗: 45.0% | 2021カバレッジ: 2398/4020 | プロセス: 稼働中
2026-02-03 23:18:22,934 - INFO - [監視] 進捗: 45.4% | 2021カバレッジ: 2411/4020 | プロセス: 稼働中
2026-02-03 23:19:27,494 - INFO - [監視] 進捗: 45.8% | 2021カバレッジ: 2424/4020 | プロセス: 稼働中
2026-02-03 23:20:32,044 - INFO - [監視] 進捗: 46.2% | 2021カバレッジ: 2435/4020 | プロセス: 稼働中
2026-02-03 23:21:36,639 - INFO - [監視] 進捗: 46.5% | 2021カバレッジ: 2445/4020 | プロセス: 稼働中
2026-02-03 23:22:41,222 - INFO - [監視] 進捗: 46.8% | 2021カバレッジ: 2455/4020 | プロセス: 稼働中
2026-02-03 23:23:45,805 - INFO - [監視] 進捗: 47.2% | 2021カバレッジ: 2465/4020 | プロセス: 稼働中
2026-02-03 23:24:50,413 - INFO - [監視] 進捗: 47.5% | 2021カバレッジ: 2475/4020 | プロセス: 稼働中
2026-02-03 23:25:55,043 - INFO - [監視] 進捗: 47.8% | 2021カバレッジ: 2485/4020 | プロセス: 稼働中
2026-02-03 23:26:59,668 - INFO - [監視] 進捗: 48.1% | 2021カバレッジ: 2495/4020 | プロセス: 稼働中
2026-02-03 23:28:04,351 - INFO - [監視] 進捗: 48.5% | 2021カバレッジ: 2505/4020 | プロセス: 稼働中
2026-02-03 23:29:08,995 - INFO - [監視] 進捗: 48.8% | 2021カバレッジ: 2515/4020 | プロセス: 稼働中
2026-02-03 23:30:13,752 - INFO - [監視] 進捗: 49.1% | 2021カバレッジ: 2524/4020 | プロセス: 稼働中
2026-02-03 23:31:18,475 - INFO - [監視] 進捗: 49.5% | 2021カバレッジ: 2536/4020 | プロセス: 稼働中
2026-02-03 23:32:23,242 - INFO - [監視] 進捗: 49.9% | 2021カバレッジ: 2549/4020 | プロセス: 稼働中
2026-02-03 23:33:28,004 - INFO - [監視] 進捗: 50.3% | 2021カバレッジ: 2562/4020 | プロセス: 稼働中
2026-02-03 23:34:32,767 - INFO - [監視] 進捗: 50.7% | 2021カバレッジ: 2574/4020 | プロセス: 稼働中
2026-02-03 23:35:37,512 - INFO - [監視] 進捗: 51.0% | 2021カバレッジ: 2584/4020 | プロセス: 稼働中
2026-02-03 23:36:42,282 - INFO - [監視] 進捗: 51.3% | 2021カバレッジ: 2594/4020 | プロセス: 稼働中
2026-02-03 23:37:47,080 - INFO - [監視] 進捗: 51.7% | 2021カバレッジ: 2604/4020 | プロセス: 稼働中
2026-02-03 23:38:52,047 - INFO - [監視] 進捗: 52.0% | 2021カバレッジ: 2614/4020 | プロセス: 稼働中
2026-02-03 23:39:56,854 - INFO - [監視] 進捗: 52.3% | 2021カバレッジ: 2624/4020 | プロセス: 稼働中
2026-02-03 23:41:01,704 - INFO - [監視] 進捗: 52.6% | 2021カバレッジ: 2632/4020 | プロセス: 稼働中
2026-02-03 23:42:06,577 - INFO - [監視] 進捗: 52.9% | 2021カバレッジ: 2642/4020 | プロセス: 稼働中
2026-02-03 23:43:11,437 - INFO - [監視] 進捗: 53.2% | 2021カバレッジ: 2652/4020 | プロセス: 稼働中
2026-02-03 23:44:16,379 - INFO - [監視] 進捗: 53.5% | 2021カバレッジ: 2660/4020 | プロセス: 稼働中
2026-02-03 23:45:21,288 - INFO - [監視] 進捗: 53.9% | 2021カバレッジ: 2672/4020 | プロセス: 稼働中
2026-02-03 23:46:26,243 - INFO - [監視] 進捗: 54.3% | 2021カバレッジ: 2684/4020 | プロセス: 稼働中
2026-02-03 23:47:31,345 - INFO - [監視] 進捗: 54.7% | 2021カバレッジ: 2698/4020 | プロセス: 稼働中
2026-02-03 23:48:36,359 - INFO - [監視] 進捗: 55.1% | 2021カバレッジ: 2709/4020 | プロセス: 稼働中
2026-02-03 23:49:41,316 - INFO - [監視] 進捗: 55.4% | 2021カバレッジ: 2719/4020 | プロセス: 稼働中
2026-02-03 23:50:46,276 - INFO - [監視] 進捗: 55.7% | 2021カバレッジ: 2729/4020 | プロセス: 稼働中
2026-02-03 23:51:51,265 - INFO - [監視] 進捗: 56.1% | 2021カバレッジ: 2739/4020 | プロセス: 稼働中
2026-02-03 23:52:56,252 - INFO - [監視] 進捗: 56.3% | 2021カバレッジ: 2748/4020 | プロセス: 稼働中
2026-02-03 23:54:01,277 - INFO - [監視] 進捗: 56.7% | 2021カバレッジ: 2758/4020 | プロセス: 稼働中
2026-02-03 23:55:06,330 - INFO - [監視] 進捗: 57.0% | 2021カバレッジ: 2768/4020 | プロセス: 稼働中
2026-02-03 23:56:11,396 - INFO - [監視] 進捗: 57.3% | 2021カバレッジ: 2778/4020 | プロセス: 稼働中
2026-02-03 23:57:16,487 - INFO - [監視] 進捗: 57.6% | 2021カバレッジ: 2788/4020 | プロセス: 稼働中
2026-02-03 23:58:21,619 - INFO - [監視] 進捗: 58.0% | 2021カバレッジ: 2800/4020 | プロセス: 稼働中
2026-02-03 23:59:26,777 - INFO - [監視] 進捗: 58.5% | 2021カバレッジ: 2813/4020 | プロセス: 稼働中
2026-02-04 00:00:31,962 - INFO - [監視] 進捗: 58.9% | 2021カバレッジ: 2826/4020 | プロセス: 稼働中
2026-02-04 00:01:37,151 - INFO - [監視] 進捗: 59.2% | 2021カバレッジ: 2837/4020 | プロセス: 稼働中
2026-02-04 00:02:42,341 - INFO - [監視] 進捗: 59.6% | 2021カバレッジ: 2847/4020 | プロセス: 稼働中
2026-02-04 00:03:47,503 - INFO - [監視] 進捗: 59.9% | 2021カバレッジ: 2856/4020 | プロセス: 稼働中
2026-02-04 00:04:52,721 - INFO - [監視] 進捗: 60.2% | 2021カバレッジ: 2866/4020 | プロセス: 稼働中
2026-02-04 00:05:58,112 - INFO - [監視] 進捗: 60.5% | 2021カバレッジ: 2876/4020 | プロセス: 稼働中
2026-02-04 00:07:03,371 - INFO - [監視] 進捗: 60.8% | 2021カバレッジ: 2886/4020 | プロセス: 稼働中
2026-02-04 00:08:08,598 - INFO - [監視] 進捗: 61.1% | 2021カバレッジ: 2896/4020 | プロセス: 稼働中
2026-02-04 00:09:13,827 - INFO - [監視] 進捗: 61.4% | 2021カバレッジ: 2905/4020 | プロセス: 稼働中
2026-02-04 00:10:19,139 - INFO - [監視] 進捗: 61.8% | 2021カバレッジ: 2915/4020 | プロセス: 稼働中
2026-02-04 00:11:24,446 - INFO - [監視] 進捗: 62.2% | 2021カバレッジ: 2928/4020 | プロセス: 稼働中
2026-02-04 00:12:29,817 - INFO - [監視] 進捗: 62.6% | 2021カバレッジ: 2941/4020 | プロセス: 稼働中
2026-02-04 00:13:35,231 - INFO - [監視] 進捗: 63.0% | 2021カバレッジ: 2954/4020 | プロセス: 稼働中
2026-02-04 00:14:40,590 - INFO - [監視] 進捗: 63.4% | 2021カバレッジ: 2964/4020 | プロセス: 稼働中
2026-02-04 00:15:45,951 - INFO - [監視] 進捗: 63.7% | 2021カバレッジ: 2974/4020 | プロセス: 稼働中
2026-02-04 00:16:51,332 - INFO - [監視] 進捗: 64.0% | 2021カバレッジ: 2984/4020 | プロセス: 稼働中
2026-02-04 00:17:56,735 - INFO - [監視] 進捗: 64.3% | 2021カバレッジ: 2994/4020 | プロセス: 稼働中
2026-02-04 00:19:02,174 - INFO - [監視] 進捗: 64.7% | 2021カバレッジ: 3004/4020 | プロセス: 稼働中
2026-02-04 00:20:07,612 - INFO - [監視] 進捗: 65.0% | 2021カバレッジ: 3014/4020 | プロセス: 稼働中
2026-02-04 00:21:13,020 - INFO - [監視] 進捗: 65.3% | 2021カバレッジ: 3023/4020 | プロセス: 稼働中
2026-02-04 00:22:18,484 - INFO - [監視] 進捗: 65.6% | 2021カバレッジ: 3033/4020 | プロセス: 稼働中
2026-02-04 00:23:24,021 - INFO - [監視] 進捗: 66.0% | 2021カバレッジ: 3043/4020 | プロセス: 稼働中
2026-02-04 00:24:29,694 - INFO - [監視] 進捗: 66.4% | 2021カバレッジ: 3057/4020 | プロセス: 稼働中
2026-02-04 00:25:35,287 - INFO - [監視] 進捗: 66.9% | 2021カバレッジ: 3071/4020 | プロセス: 稼働中
2026-02-04 00:26:40,804 - INFO - [監視] 進捗: 67.2% | 2021カバレッジ: 3082/4020 | プロセス: 稼働中
2026-02-04 00:27:46,340 - INFO - [監視] 進捗: 67.5% | 2021カバレッジ: 3092/4020 | プロセス: 稼働中
2026-02-04 00:28:51,935 - INFO - [監視] 進捗: 67.9% | 2021カバレッジ: 3102/4020 | プロセス: 稼働中
2026-02-04 00:29:57,519 - INFO - [監視] 進捗: 68.2% | 2021カバレッジ: 3112/4020 | プロセス: 稼働中
2026-02-04 00:31:03,151 - INFO - [監視] 進捗: 68.5% | 2021カバレッジ: 3121/4020 | プロセス: 稼働中
2026-02-04 00:32:08,741 - INFO - [監視] 進捗: 68.8% | 2021カバレッジ: 3131/4020 | プロセス: 稼働中
2026-02-04 00:33:14,388 - INFO - [監視] 進捗: 69.1% | 2021カバレッジ: 3141/4020 | プロセス: 稼働中
2026-02-04 00:34:20,213 - INFO - [監視] 進捗: 69.4% | 2021カバレッジ: 3150/4020 | プロセス: 稼働中
2026-02-04 00:35:25,898 - INFO - [監視] 進捗: 69.8% | 2021カバレッジ: 3162/4020 | プロセス: 稼働中
2026-02-04 00:36:31,724 - INFO - [監視] 進捗: 70.2% | 2021カバレッジ: 3175/4020 | プロセス: 稼働中
2026-02-04 00:37:37,465 - INFO - [監視] 進捗: 70.7% | 2021カバレッジ: 3189/4020 | プロセス: 稼働中
2026-02-04 00:38:43,178 - INFO - [監視] 進捗: 71.0% | 2021カバレッジ: 3199/4020 | プロセス: 稼働中
2026-02-04 00:39:48,909 - INFO - [監視] 進捗: 71.3% | 2021カバレッジ: 3209/4020 | プロセス: 稼働中
2026-02-04 00:40:54,682 - INFO - [監視] 進捗: 71.7% | 2021カバレッジ: 3219/4020 | プロセス: 稼働中
2026-02-04 00:42:00,447 - INFO - [監視] 進捗: 72.0% | 2021カバレッジ: 3229/4020 | プロセス: 稼働中
2026-02-04 00:43:06,247 - INFO - [監視] 進捗: 72.3% | 2021カバレッジ: 3239/4020 | プロセス: 稼働中
2026-02-04 00:44:12,144 - INFO - [監視] 進捗: 72.6% | 2021カバレッジ: 3248/4020 | プロセス: 稼働中
2026-02-04 00:45:17,941 - INFO - [監視] 進捗: 72.9% | 2021カバレッジ: 3258/4020 | プロセス: 稼働中
2026-02-04 00:46:23,818 - INFO - [監視] 進捗: 73.3% | 2021カバレッジ: 3268/4020 | プロセス: 稼働中
2026-02-04 00:47:29,745 - INFO - [監視] 進捗: 73.7% | 2021カバレッジ: 3281/4020 | プロセス: 稼働中
2026-02-04 00:48:35,699 - INFO - [監視] 進捗: 74.1% | 2021カバレッジ: 3295/4020 | プロセス: 稼働中
2026-02-04 00:49:41,597 - INFO - [監視] 進捗: 74.5% | 2021カバレッジ: 3306/4020 | プロセス: 稼働中
2026-02-04 00:50:47,499 - INFO - [監視] 進捗: 74.8% | 2021カバレッジ: 3316/4020 | プロセス: 稼働中
2026-02-04 00:51:53,433 - INFO - [監視] 進捗: 75.1% | 2021カバレッジ: 3325/4020 | プロセス: 稼働中
2026-02-04 00:52:59,418 - INFO - [監視] 進捗: 75.4% | 2021カバレッジ: 3334/4020 | プロセス: 稼働中
2026-02-04 00:54:05,421 - INFO - [監視] 進捗: 75.7% | 2021カバレッジ: 3344/4020 | プロセス: 稼働中
2026-02-04 00:55:11,429 - INFO - [監視] 進捗: 76.0% | 2021カバレッジ: 3354/4020 | プロセス: 稼働中
2026-02-04 00:56:17,410 - INFO - [監視] 進捗: 76.4% | 2021カバレッジ: 3364/4020 | プロセス: 稼働中
2026-02-04 00:57:23,434 - INFO - [監視] 進捗: 76.7% | 2021カバレッジ: 3374/4020 | プロセス: 稼働中
2026-02-04 00:58:29,539 - INFO - [監視] 進捗: 77.1% | 2021カバレッジ: 3386/4020 | プロセス: 稼働中
2026-02-04 00:59:35,696 - INFO - [監視] 進捗: 77.5% | 2021カバレッジ: 3400/4020 | プロセス: 稼働中
2026-02-04 01:00:41,761 - INFO - [監視] 進捗: 78.0% | 2021カバレッジ: 3413/4020 | プロセス: 稼働中
2026-02-04 01:01:47,878 - INFO - [監視] 進捗: 78.3% | 2021カバレッジ: 3422/4020 | プロセス: 稼働中
2026-02-04 01:02:54,014 - INFO - [監視] 進捗: 78.6% | 2021カバレッジ: 3432/4020 | プロセス: 稼働中
2026-02-04 01:04:00,155 - INFO - [監視] 進捗: 78.9% | 2021カバレッジ: 3442/4020 | プロセス: 稼働中
2026-02-04 01:05:06,455 - INFO - [監視] 進捗: 79.2% | 2021カバレッジ: 3452/4020 | プロセス: 稼働中
2026-02-04 01:06:12,624 - INFO - [監視] 進捗: 79.6% | 2021カバレッジ: 3462/4020 | プロセス: 稼働中
2026-02-04 01:07:18,808 - INFO - [監視] 進捗: 79.9% | 2021カバレッジ: 3472/4020 | プロセス: 稼働中
2026-02-04 01:08:25,031 - INFO - [監視] 進捗: 80.2% | 2021カバレッジ: 3482/4020 | プロセス: 稼働中
2026-02-04 01:09:31,298 - INFO - [監視] 進捗: 80.6% | 2021カバレッジ: 3493/4020 | プロセス: 稼働中
2026-02-04 01:10:37,609 - INFO - [監視] 進捗: 81.0% | 2021カバレッジ: 3507/4020 | プロセス: 稼働中
2026-02-04 01:11:43,900 - INFO - [監視] 進捗: 81.5% | 2021カバレッジ: 3521/4020 | プロセス: 稼働中
2026-02-04 01:12:50,189 - INFO - [監視] 進捗: 81.8% | 2021カバレッジ: 3531/4020 | プロセス: 稼働中
2026-02-04 01:13:56,466 - INFO - [監視] 進捗: 82.1% | 2021カバレッジ: 3540/4020 | プロセス: 稼働中
2026-02-04 01:15:02,789 - INFO - [監視] 進捗: 82.4% | 2021カバレッジ: 3550/4020 | プロセス: 稼働中
2026-02-04 01:16:09,171 - INFO - [監視] 進捗: 82.7% | 2021カバレッジ: 3560/4020 | プロセス: 稼働中
2026-02-04 01:17:15,498 - INFO - [監視] 進捗: 83.1% | 2021カバレッジ: 3570/4020 | プロセス: 稼働中
2026-02-04 01:18:21,853 - INFO - [監視] 進捗: 83.4% | 2021カバレッジ: 3580/4020 | プロセス: 稼働中
2026-02-04 01:19:28,302 - INFO - [監視] 進捗: 83.7% | 2021カバレッジ: 3589/4020 | プロセス: 稼働中
2026-02-04 01:20:34,772 - INFO - [監視] 進捗: 84.1% | 2021カバレッジ: 3602/4020 | プロセス: 稼働中
2026-02-04 01:21:41,244 - INFO - [監視] 進捗: 84.6% | 2021カバレッジ: 3616/4020 | プロセス: 稼働中
2026-02-04 01:22:47,672 - INFO - [監視] 進捗: 84.9% | 2021カバレッジ: 3628/4020 | プロセス: 稼働中
2026-02-04 01:23:54,115 - INFO - [監視] 進捗: 85.3% | 2021カバレッジ: 3638/4020 | プロセス: 稼働中
2026-02-04 01:25:00,649 - INFO - [監視] 進捗: 85.5% | 2021カバレッジ: 3646/4020 | プロセス: 稼働中
2026-02-04 01:26:07,178 - INFO - [監視] 進捗: 85.8% | 2021カバレッジ: 3656/4020 | プロセス: 稼働中
2026-02-04 01:27:13,698 - INFO - [監視] 進捗: 86.2% | 2021カバレッジ: 3666/4020 | プロセス: 稼働中
2026-02-04 01:28:20,245 - INFO - [監視] 進捗: 86.5% | 2021カバレッジ: 3676/4020 | プロセス: 稼働中
2026-02-04 01:29:26,831 - INFO - [監視] 進捗: 86.8% | 2021カバレッジ: 3686/4020 | プロセス: 稼働中
2026-02-04 01:30:33,461 - INFO - [監視] 進捗: 87.2% | 2021カバレッジ: 3698/4020 | プロセス: 稼働中
2026-02-04 01:31:40,100 - INFO - [監視] 進捗: 87.7% | 2021カバレッジ: 3712/4020 | プロセス: 稼働中
2026-02-04 01:32:46,753 - INFO - [監視] 進捗: 88.1% | 2021カバレッジ: 3726/4020 | プロセス: 稼働中
2026-02-04 01:33:53,411 - INFO - [監視] 進捗: 88.4% | 2021カバレッジ: 3735/4020 | プロセス: 稼働中
2026-02-04 01:35:00,103 - INFO - [監視] 進捗: 88.7% | 2021カバレッジ: 3745/4020 | プロセス: 稼働中
2026-02-04 01:36:06,803 - INFO - [監視] 進捗: 89.1% | 2021カバレッジ: 3755/4020 | プロセス: 稼働中
2026-02-04 01:37:13,506 - INFO - [監視] 進捗: 89.4% | 2021カバレッジ: 3765/4020 | プロセス: 稼働中
2026-02-04 01:38:20,241 - INFO - [監視] 進捗: 89.7% | 2021カバレッジ: 3775/4020 | プロセス: 稼働中
2026-02-04 01:39:27,006 - INFO - [監視] 進捗: 90.0% | 2021カバレッジ: 3785/4020 | プロセス: 稼働中
2026-02-04 01:40:33,837 - INFO - [監視] 進捗: 90.4% | 2021カバレッジ: 3797/4020 | プロセス: 稼働中
2026-02-04 01:41:40,679 - INFO - [監視] 進捗: 90.9% | 2021カバレッジ: 3811/4020 | プロセス: 稼働中
2026-02-04 01:42:47,486 - INFO - [監視] 進捗: 91.3% | 2021カバレッジ: 3825/4020 | プロセス: 稼働中
2026-02-04 01:43:54,263 - INFO - [監視] 進捗: 91.7% | 2021カバレッジ: 3835/4020 | プロセス: 稼働中
2026-02-04 01:45:01,090 - INFO - [監視] 進捗: 92.0% | 2021カバレッジ: 3845/4020 | プロセス: 稼働中
2026-02-04 01:46:07,932 - INFO - [監視] 進捗: 92.3% | 2021カバレッジ: 3855/4020 | プロセス: 稼働中
2026-02-04 01:47:14,772 - INFO - [監視] 進捗: 92.6% | 2021カバレッジ: 3865/4020 | プロセス: 稼働中
2026-02-04 01:48:21,668 - INFO - [監視] 進捗: 93.0% | 2021カバレッジ: 3875/4020 | プロセス: 稼働中
2026-02-04 01:49:28,749 - INFO - [監視] 進捗: 93.3% | 2021カバレッジ: 3885/4020 | プロセス: 稼働中
2026-02-04 01:50:35,728 - INFO - [監視] 進捗: 93.6% | 2021カバレッジ: 3896/4020 | プロセス: 稼働中
2026-02-04 01:51:42,712 - INFO - [監視] 進捗: 94.1% | 2021カバレッジ: 3909/4020 | プロセス: 稼働中
2026-02-04 01:52:49,669 - INFO - [監視] 進捗: 94.5% | 2021カバレッジ: 3923/4020 | プロセス: 稼働中
2026-02-04 01:53:56,687 - INFO - [監視] 進捗: 94.8% | 2021カバレッジ: 3932/4020 | プロセス: 稼働中
2026-02-04 01:55:03,703 - INFO - [監視] 進捗: 95.1% | 2021カバレッジ: 3942/4020 | プロセス: 稼働中
2026-02-04 01:56:10,686 - INFO - [監視] 進捗: 95.5% | 2021カバレッジ: 3952/4020 | プロセス: 稼働中
2026-02-04 01:57:17,739 - INFO - [監視] 進捗: 95.8% | 2021カバレッジ: 3962/4020 | プロセス: 稼働中
2026-02-04 01:58:24,758 - INFO - [監視] 進捗: 96.1% | 2021カバレッジ: 3972/4020 | プロセス: 稼働中
2026-02-04 01:59:31,856 - INFO - [監視] 進捗: 96.4% | 2021カバレッジ: 3981/4020 | プロセス: 稼働中
2026-02-04 02:00:38,995 - INFO - [監視] 進捗: 96.8% | 2021カバレッジ: 3994/4020 | プロセス: 稼働中
2026-02-04 02:00:38,995 - INFO - 復旧プロセス完了を検知
2026-02-04 02:00:46,052 - INFO - ======================================================================
2026-02-04 02:00:46,052 - INFO - 【復旧完了】最終カバレッジ
2026-02-04 02:00:46,052 - INFO -   2020: 4020 銘柄, 968,223 レコード
2026-02-04 02:00:46,052 - INFO -   2021: 3998 銘柄, 962,249 レコード
2026-02-04 02:00:46,052 - INFO -   2022: 3929 銘柄, 943,831 レコード
2026-02-04 02:00:46,052 - INFO -   2023: 3887 銘柄, 940,121 レコード
2026-02-04 02:00:46,052 - INFO -   2024: 3849 銘柄, 926,004 レコード
2026-02-04 02:00:46,052 - INFO -   2025: 3796 銘柄, 902,282 レコード
2026-02-04 02:00:46,052 - INFO -   2026: 3676 銘柄, 76,059 レコード
2026-02-04 02:00:46,052 - INFO - ======================================================================
2026-02-04 02:00:46,053 - INFO - ======================================================================
2026-02-04 02:00:46,053 - INFO - 【無人行軍モード】バックテスト実行開始
2026-02-04 02:00:46,053 - INFO - ======================================================================
2026-02-04 02:01:16,136 - INFO - バックテスト正常完了
2026-02-04 02:01:16,136 - INFO - 【バックテスト結果抜粋】
2026-02-04 02:01:16,136 - INFO -   ■ リターン指標
2026-02-04 02:01:16,136 - INFO -   総合リターン: nan%
2026-02-04 02:01:16,136 - INFO -   年率リターン: nan%
2026-02-04 02:01:16,136 - INFO -   シャープレシオ: nan
2026-02-04 02:01:16,136 - INFO -   最大ドローダウン: 31.16%
2026-02-04 02:01:16,136 - INFO -   OOS Validation     : FAIL ✗
2026-02-04 02:01:16,136 - INFO - ======================================================================
2026-02-04 02:01:16,136 - INFO - 【無人行軍モード】最終報告書生成
2026-02-04 02:01:16,136 - INFO - ======================================================================
2026-02-04 02:01:16,137 - INFO - 最新結果: world_rank_precision_20260204_020116.json
2026-02-04 02:01:23,207 - INFO - 比較レポート保存: /Users/MBP/Desktop/Project_Asset_Shield/output/DATA_RECOVERY_COMPARISON.md
2026-02-04 02:01:30,384 - INFO - 英語報告書保存: /Users/MBP/Desktop/Project_Asset_Shield/output/ASSET_SHIELD_FINAL_REPORT_EN_RECOVERED.md
2026-02-04 02:01:30,384 - INFO - 報告書生成完了
2026-02-04 02:01:30,384 - INFO - ======================================================================
2026-02-04 02:01:30,384 - INFO - 【無人行軍モード】全タスク完了
2026-02-04 02:01:30,384 - INFO - 完了時刻: 2026-02-04T02:01:30.384942
2026-02-04 02:01:30,384 - INFO - ======================================================================
2026-02-04 02:01:30,385 - INFO - 上様のお目覚めをお待ちしております。
========================================================
2026-02-04 02:01:30,385 - INFO - 上様のお目覚めをお待ちしております。
